commit a3c435505060003f241a3ef34a30e5e1d7d83816
Author: VzqzAlfred <alfred.vzqz96@outlook.com>
Date:   Thu Oct 20 14:32:34 2022 -0500

    Agregando dos parrafos

commit 93b70cfdc2017c06bef4e5061532933ac2676ff4
Merge: 2e5efa7 a5cd004
Author: VzqzAlfred <alfred.vzqz96@outlook.com>
Date:   Thu Oct 20 14:27:51 2022 -0500

    Resolviendo conflicto en estaciones del año con fecha de inicio

commit 2e5efa7aeb46bed1ee488bfb9bfd03f3978154bb
Author: VzqzAlfred <alfred.vzqz96@outlook.com>
Date:   Thu Oct 20 14:11:22 2022 -0500

    Agregando estaciones del año con fecha de inicio

commit a5cd004643cc328caafd69f31b1b28c18275f867
Author: VzqzAlfred <alfred.vzqz96@outlook.com>
Date:   Thu Oct 20 14:11:22 2022 -0500

    Agregando estaciones del año

commit 1cbb9464c5960d2a0bb95ce995935dbc4ca0dee6
Merge: 24e9f13 a99c122
Author: VzqzAlfred <alfred.vzqz96@outlook.com>
Date:   Thu Oct 20 13:34:24 2022 -0500

    Resolviendo conflicto merge main/html en el documento index.html

commit a99c122b53b8323cfba3cc64743c55054e95c9cb
Author: VzqzAlfred <alfred.vzqz96@outlook.com>
Date:   Thu Oct 20 13:27:18 2022 -0500

    Agregando index.js al index.html

commit 24e9f138a3cd41e0a75a16c9f3e8c8b60f0653c5
Author: VzqzAlfred <alfred.vzqz96@outlook.com>
Date:   Thu Oct 20 13:24:11 2022 -0500

    Agregando style al index.html

commit 3d60f8ee52219569d88937bfb267874864585920
Merge: 58e5e90 c36a0c5
Author: VzqzAlfred <alfred.vzqz96@outlook.com>
Date:   Thu Oct 20 13:07:22 2022 -0500

    Merge branch 'js' into main

commit c36a0c58ec802270e6b319c839e7d5e54bf34355
Author: VzqzAlfred <alfred.vzqz96@outlook.com>
Date:   Wed Oct 19 19:16:41 2022 -0500

    Creando index js

commit 58e5e90c0a3e7c0356bd8fc45d2de2250d36c333
Author: VzqzAlfred <alfred.vzqz96@outlook.com>
Date:   Wed Oct 19 19:12:24 2022 -0500

    Creando styles

commit aa3d00bbe7caff989b791a96c0e323f033dc0444
Author: VzqzAlfred <alfred.vzqz96@outlook.com>
Date:   Wed Oct 19 19:08:11 2022 -0500

    Creando archivo index.html

commit 617f0c015e34fe19364ccb261c13dd728a4a59d8
Author: VzqzAlfred <alfred.vzqz96@outlook.com>
Date:   Wed Oct 19 17:21:25 2022 -0500

    Ignorando archivos con gitignore

commit d97383a0f4ab8b0a9635d6683e2bf1627c706fd4
Author: AlfredVzqz <57425473+VzqzAlfred@users.noreply.github.com>
Date:   Wed Oct 19 16:44:15 2022 -0500

    Creando licencia del repositorio

commit b0502b09a17e0575bf089dc48a488f8887e638a1
Author: VzqzAlfred <alfred.vzqz96@outlook.com>
Date:   Tue Oct 18 20:15:26 2022 -0500

    Adding files

commit d76a52cf9666c873c8423ea079f5eff23ac4cc28
Author: VzqzAlfred <alfred.vzqz96@outlook.com>
Date:   Tue Oct 18 19:40:57 2022 -0500

    Adding README & gitignore

commit 3d9096f2571b88db8f1ac3c6e7f648e126620f71
Merge: 452653e 46b7103
Author: VzqzAlfred <alfred.vzqz96@outlook.com>
Date:   Wed Aug 11 17:28:30 2021 -0500

    Merge branch 'master' of https://github.com/VzqzAlfred/edteam

commit 452653e9bab2687228778e62491899b8caf268c7
Author: VzqzAlfred <alfred.vzqz96@outlook.com>
Date:   Wed Aug 11 17:27:37 2021 -0500

    Edited README

commit 46b71034a94ad90c92e50973377490dbc43febec
Author: AlfredVzqz <57425473+VzqzAlfred@users.noreply.github.com>
Date:   Fri Apr 23 23:14:21 2021 -0500

    Edited README
    
    Edited README

commit 18dd964a8e7da44b3c1b527b66120f1248b27fe2
Author: VzqzAlfred <alfred.vzqz96@outlook.com>
Date:   Thu Mar 18 15:29:47 2021 -0600

    Librería de Componentes

commit 2bc9e64123d1d203fd7e4cb1ba8cc6a4a2a5ae80
Author: VzqzAlfred <alfred.vzqz96@outlook.com>
Date:   Thu Mar 18 14:28:32 2021 -0600

    Componentes con Estado

commit 938cf2e54b9b633f865a56277b187680cd600c78
Author: VzqzAlfred <alfred.vzqz96@outlook.com>
Date:   Thu Mar 18 13:58:45 2021 -0600

    Estado Inmutable

commit 67f3e0349358f56212145e5966de505619691294
Author: VzqzAlfred <alfred.vzqz96@outlook.com>
Date:   Thu Mar 18 13:36:50 2021 -0600

    Estado Reactivo

commit f0c4379828425660099de9e1504636cebb59f577
Author: VzqzAlfred <alfred.vzqz96@outlook.com>
Date:   Thu Mar 18 12:38:15 2021 -0600

    Interfaz de Usuario (UI) basada en el Estado

commit 0ab5e9fe335ca0f4a3e4bdc4b1400cc4251cbb7e
Author: VzqzAlfred <alfred.vzqz96@outlook.com>
Date:   Thu Mar 18 12:00:24 2021 -0600

    Manipulación NO Reactiva del DOM

commit 0e1147f5ac808576e165fc84579f29943a89f8ea
Author: VzqzAlfred <alfred.vzqz96@outlook.com>
Date:   Wed Mar 17 13:57:46 2021 -0600

    Edited README

commit 32b1bfcdb6afecbd392b29c897eee42fd3412674
Author: VzqzAlfred <alfred.vzqz96@outlook.com>
Date:   Wed Mar 17 13:33:34 2021 -0600

    Styled Components & Single File Components

commit 23d4889391a6ab4703e2afc7360708361ea305cd
Author: VzqzAlfred <alfred.vzqz96@outlook.com>
Date:   Wed Mar 17 12:23:59 2021 -0600

    Infinite Scroll & High Order Components

commit 859281f0d9dcad7ebcb7ebe682138e7ea5f8a82e
Author: VzqzAlfred <alfred.vzqz96@outlook.com>
Date:   Tue Mar 16 15:16:29 2021 -0600

    Vista de la Búsqueda Actual

commit da33041a87c0c250d79ceefb78ab365346a34799
Author: VzqzAlfred <alfred.vzqz96@outlook.com>
Date:   Tue Mar 16 14:05:21 2021 -0600

    Buscador Interno de la App

commit 1dfb8e968c3097f72434df5a633228081af0348b
Author: VzqzAlfred <alfred.vzqz96@outlook.com>
Date:   Tue Mar 16 12:59:19 2021 -0600

    Vista de Post Actual

commit b1f78cf13d6a39ccf3f5aa9b34fd2e94b4009570
Author: VzqzAlfred <alfred.vzqz96@outlook.com>
Date:   Mon Mar 15 22:45:21 2021 -0600

    Refactorización de la App: Enrutamiento Asíncrono

commit 304ad6d45d799976c3692d6e54f35b5cf7a3a769
Author: VzqzAlfred <alfred.vzqz96@outlook.com>
Date:   Mon Mar 15 15:25:36 2021 -0600

    Enrutamiento (Router)

commit d4c63786aba8862913d40732bc3ca8a0c208f1af
Author: VzqzAlfred <alfred.vzqz96@outlook.com>
Date:   Mon Mar 15 14:28:51 2021 -0600

    Renderizado Dinámico

commit bf781903efd4b94222ce8de0a685504ffa125b27
Author: VzqzAlfred <alfred.vzqz96@outlook.com>
Date:   Mon Mar 15 13:28:46 2021 -0600

    Componente Header

commit 72953ac8dcfb04f9bc340356874ac1a9d670db0f
Author: VzqzAlfred <alfred.vzqz96@outlook.com>
Date:   Mon Mar 15 12:58:46 2021 -0600

    Primeros Componentes de UI

commit 3e1aee2ef04e0c06ae480f36222b48ab7f03949e
Author: VzqzAlfred <alfred.vzqz96@outlook.com>
Date:   Sun Mar 14 11:15:16 2021 -0600

    Helper de peticiones AJAX

commit 6f2f703e8891e1c3c453eb3cd8426efd80cfc5eb
Author: VzqzAlfred <alfred.vzqz96@outlook.com>
Date:   Sun Mar 14 10:11:57 2021 -0600

    Helper de conexión a API REST

commit c21f09d9370483cb172f12a06a97737c92ef301d
Author: VzqzAlfred <alfred.vzqz96@outlook.com>
Date:   Sat Mar 13 21:55:46 2021 -0600

    Estructura de Proyecto: assets, helpers y components

commit f4c4c3017ea9670d22ad68d4a84ccb24b861ba74
Author: VzqzAlfred <alfred.vzqz96@outlook.com>
Date:   Sat Mar 13 21:55:17 2021 -0600

    Edited README

commit b89648f49b03ea2efe3a0f2e13aedd3c4c90ba8d
Author: VzqzAlfred <alfred.vzqz96@outlook.com>
Date:   Sat Mar 13 19:14:52 2021 -0600

    WordPress REST API & Infinite Scroll (Part 5)

commit 67683023551da2b90e1d431d470e1ae15216379d
Author: VzqzAlfred <alfred.vzqz96@outlook.com>
Date:   Fri Mar 12 22:21:26 2021 -0600

    WordPress REST API y Fetch (Part 4)

commit 7ffc10075daedbd4aa5f34f4555a268a2fcc9b38
Author: VzqzAlfred <alfred.vzqz96@outlook.com>
Date:   Fri Mar 12 22:20:47 2021 -0600

    Edited README

commit 0b5efbf68e7272f5e6239d61d1b6350db57bc2ec
Author: VzqzAlfred <alfred.vzqz96@outlook.com>
Date:   Fri Mar 12 21:18:04 2021 -0600

    WordPress REST API y Fetch (Part 3)

commit 840db4791163568b17f22f613d508c4883430f0c
Author: VzqzAlfred <alfred.vzqz96@outlook.com>
Date:   Fri Mar 12 16:26:37 2021 -0600

    Edited README

commit dcc970fc6ea69f46ece390f5bc3819cd228a3bac
Author: VzqzAlfred <alfred.vzqz96@outlook.com>
Date:   Fri Mar 12 16:21:04 2021 -0600

    WordPress REST API y Fetch (Part 2)

commit 1322dbddcc26b8b7ef4fe282dde4d2cab83d65e7
Author: VzqzAlfred <alfred.vzqz96@outlook.com>
Date:   Fri Mar 12 15:38:08 2021 -0600

    WordPress REST API y Fetch (Part 1)

commit 26187d368a53cf588b6d4c4529961bb3eea4258e
Author: VzqzAlfred <alfred.vzqz96@outlook.com>
Date:   Fri Mar 12 14:53:57 2021 -0600

    Edited README

commit 14b676800bb30764846a89e37d506de5fef7dd56
Author: VzqzAlfred <alfred.vzqz96@outlook.com>
Date:   Fri Mar 12 14:53:00 2021 -0600

    Selects Anidados (Estados de México)

commit ae0ad1bcf68fbc6941fb080d18cdff72605891d2
Author: VzqzAlfred <alfred.vzqz96@outlook.com>
Date:   Thu Mar 11 17:28:56 2021 -0600

    Edited README

commit 02cf212b87e4f2cd94a61e63d71a15fe49735f96
Author: VzqzAlfred <alfred.vzqz96@outlook.com>
Date:   Thu Mar 11 17:22:09 2021 -0600

    Buscador de Canciones con Fetch + Async

commit d9d69833e0c8d21a71a74e8f330b5dc441b0f2fc
Author: VzqzAlfred <alfred.vzqz96@outlook.com>
Date:   Thu Mar 11 13:39:48 2021 -0600

    Buscador de Shows con Fetch y TVMAZE API

commit cc0472592b81cb19b72e077af4894ad0d0c4acf7
Author: VzqzAlfred <alfred.vzqz96@outlook.com>
Date:   Wed Mar 10 16:24:55 2021 -0600

    Paginación de Pokémons con Fetch

commit 2f99538a7feab05babe86c5ab93aba4bbcf4c6ae
Author: VzqzAlfred <alfred.vzqz96@outlook.com>
Date:   Wed Mar 10 14:31:19 2021 -0600

    Edited README

commit 7988273042cb9fef4a9d204fae3c4cbbc9bbc94c
Author: VzqzAlfred <alfred.vzqz96@outlook.com>
Date:   Wed Mar 10 14:27:03 2021 -0600

    Blog con Markdown y ShowdownJS

commit 6597dea78bd9919c211785a32ae60ec7f427403b
Author: VzqzAlfred <alfred.vzqz96@outlook.com>
Date:   Tue Mar 9 23:25:06 2021 -0600

    Pagos Online con Fetch y Stripe (Part 3)

commit 4e9ae10ffa02cd712fefbd1f1d1d050d3a36bab3
Author: VzqzAlfred <alfred.vzqz96@outlook.com>
Date:   Tue Mar 9 18:54:47 2021 -0600

    Pagos Online con Fetch y Stripe (Part 2)

commit 03b522b91b4bb18ab8b87325e6e6c46f4129ef73
Author: VzqzAlfred <alfred.vzqz96@outlook.com>
Date:   Mon Mar 8 22:04:30 2021 -0600

    Pagos Online con Fetch y Stripe (Part 1)

commit e407047bbe4c6166fe1a6a703cac0a4d1d184bd9
Author: VzqzAlfred <alfred.vzqz96@outlook.com>
Date:   Mon Mar 8 14:52:35 2021 -0600

    Envío Formulario y CORS con Fetch y PHP

commit 9ed29ec5e782240439dd3accc1ef10a4b0668c7b
Author: VzqzAlfred <alfred.vzqz96@outlook.com>
Date:   Mon Mar 8 13:51:49 2021 -0600

    Envío Formulario con Fetch y FormSubmit

commit 2d64e406ab807278c66f9d5fb97834e4fb25c275
Author: VzqzAlfred <alfred.vzqz96@outlook.com>
Date:   Sun Mar 7 13:46:49 2021 -0600

    Uploader Drag & Drop con AJAX y PHP

commit 31bd70068a0737fdb04f346276bb6761757a2119
Author: VzqzAlfred <alfred.vzqz96@outlook.com>
Date:   Sun Mar 7 13:01:52 2021 -0600

    Uploader AJAX con Barra de Progreso

commit b34fa4f9edee5c21f946ef42de0880c95ea27a22
Author: VzqzAlfred <alfred.vzqz96@outlook.com>
Date:   Sun Mar 7 11:55:35 2021 -0600

    Uploader con AJAX

commit 62adff60f27020825d74a68c6b735f096eba29a5
Author: VzqzAlfred <alfred.vzqz96@outlook.com>
Date:   Sat Mar 6 17:54:37 2021 -0600

    Incluir archivos HTML (include-html.js)

commit c3e9cc12baf22bf391f84ac0b23d7be224b1b762
Author: VzqzAlfred <alfred.vzqz96@outlook.com>
Date:   Sat Mar 6 15:41:50 2021 -0600

    Sitio web con AJAX

commit 3fa2ae6e0c9687c67c0e12f1938a1f8473c83b31
Author: VzqzAlfred <alfred.vzqz96@outlook.com>
Date:   Sat Mar 6 02:12:03 2021 -0600

    CRUD con Axios

commit f9fcff9f04157ecbb9983841546469527eb418e6
Author: VzqzAlfred <alfred.vzqz96@outlook.com>
Date:   Fri Mar 5 17:34:51 2021 -0600

    CRUD con Fetch

commit c9ed18501040a3c1ef0404c08d8b1c65a2a9db77
Author: VzqzAlfred <alfred.vzqz96@outlook.com>
Date:   Fri Mar 5 14:22:09 2021 -0600

    CRUD con Fetch

commit 264c87d1a2ccbc4a0ac3b00ed7fe633a7f6df694
Author: VzqzAlfred <alfred.vzqz96@outlook.com>
Date:   Thu Mar 4 20:54:50 2021 -0600

    CRUD con AJAX

commit 2fb3ee9dbba14e357d5ac3ed384d6320e491f05a
Author: VzqzAlfred <alfred.vzqz96@outlook.com>
Date:   Thu Mar 4 15:40:14 2021 -0600

    API REST: CRUD

commit 20b5a94769562c4f115a41503dff732f8787e402
Author: VzqzAlfred <alfred.vzqz96@outlook.com>
Date:   Thu Mar 4 14:53:03 2021 -0600

    Consumo de datos con cliente REST

commit 71e20cf2bf1f230896a16b7fd48c6a1b8c3963c0
Author: VzqzAlfred <alfred.vzqz96@outlook.com>
Date:   Thu Mar 4 13:21:32 2021 -0600

    JSON Server - API falsa local

commit 7763192249368431321933f2f0dcf7fea57e7a33
Author: VzqzAlfred <alfred.vzqz96@outlook.com>
Date:   Thu Mar 4 13:20:31 2021 -0600

    Edited README

commit 9d72b2151f591cd2a1a2f68dbc9c2afab6a419af
Author: VzqzAlfred <alfred.vzqz96@outlook.com>
Date:   Thu Mar 4 13:20:19 2021 -0600

    SON Server - API falsa local

commit 5ca4ad184136b7b6be605b5a627216daeb261b29
Author: VzqzAlfred <alfred.vzqz96@outlook.com>
Date:   Wed Mar 3 23:38:15 2021 -0600

    Edited README

commit c7e6411e3464e3c715315b4f1ee3e58ca71a844f
Author: VzqzAlfred <alfred.vzqz96@outlook.com>
Date:   Wed Mar 3 23:38:02 2021 -0600

    Introducción API-REST

commit 6fe4a0978a82eaf1e4eb28af33c3c0dc2afbfd59
Author: VzqzAlfred <alfred.vzqz96@outlook.com>
Date:   Wed Mar 3 20:56:06 2021 -0600

    Edited README

commit a609e168d3d5b21303e01883b8d2a73266362d0b
Author: VzqzAlfred <alfred.vzqz96@outlook.com>
Date:   Wed Mar 3 20:54:23 2021 -0600

    Librería Axios + Async-Await

commit ef0c4efbe692cd94e1fd19064475c6493200bb59
Author: VzqzAlfred <alfred.vzqz96@outlook.com>
Date:   Wed Mar 3 20:37:39 2021 -0600

    Librería Axios

commit 89dfb5032fc0dc18368acee9e73aa6db9117ef13
Author: VzqzAlfred <alfred.vzqz96@outlook.com>
Date:   Wed Mar 3 20:03:44 2021 -0600

    API Fetch + Async-Await

commit 3bbfc5b25f06b1d112b6b74eeb756ad29c7074a2
Author: VzqzAlfred <alfred.vzqz96@outlook.com>
Date:   Wed Mar 3 14:41:18 2021 -0600

    API Fetch

commit cb8256de2fc3b3e8569a1daf415346af03efc47e
Author: VzqzAlfred <alfred.vzqz96@outlook.com>
Date:   Wed Mar 3 14:04:37 2021 -0600

    Edited README

commit 9e9b37f930cd0103c3712d28908eb0ea9d7f60eb
Author: VzqzAlfred <alfred.vzqz96@outlook.com>
Date:   Wed Mar 3 14:03:32 2021 -0600

    Objeto XMLHttpRequest

commit 0d921e51387d52306b55f2d8ee6abf3552407377
Author: VzqzAlfred <alfred.vzqz96@outlook.com>
Date:   Wed Mar 3 12:04:24 2021 -0600

    Edited README

commit 0ef0adc877e589ff9c46f0f1b04a12949aa28a76
Author: VzqzAlfred <alfred.vzqz96@outlook.com>
Date:   Wed Mar 3 12:04:12 2021 -0600

    Introducción a AJAX

commit 78a8b3ff15dc86fd03d3a5a4553ff568309cbc22
Author: VzqzAlfred <alfred.vzqz96@outlook.com>
Date:   Tue Mar 2 18:37:17 2021 -0600

    Narrador (Lector de Voz)

commit 5959dfaddcfaae64d87c001fed2ecaee2c5b54e6
Author: VzqzAlfred <alfred.vzqz96@outlook.com>
Date:   Tue Mar 2 17:35:11 2021 -0600

    Edited README

commit 9df5641593ee9162c174c6421b8d1ae3623d2c41
Author: VzqzAlfred <alfred.vzqz96@outlook.com>
Date:   Tue Mar 2 17:33:53 2021 -0600

    Envío de Formularios

commit 09c6483a944bba3d898eb3b3be194b24ab5a34ac
Author: VzqzAlfred <alfred.vzqz96@outlook.com>
Date:   Tue Mar 2 15:06:05 2021 -0600

    Validación de Formularios con JavaScript

commit 38b6681898ed213687ec4f780e8683c88e7374d3
Author: VzqzAlfred <alfred.vzqz96@outlook.com>
Date:   Mon Mar 1 21:16:12 2021 -0600

    Edited README

commit 7902918a700e6a67aac0a131783f60aedc0a1866
Author: VzqzAlfred <alfred.vzqz96@outlook.com>
Date:   Mon Mar 1 21:15:28 2021 -0600

    Validación de Formularios con HTML5

commit e7204655d01cd08f16c3609b8d8347565da8b4fc
Author: VzqzAlfred <alfred.vzqz96@outlook.com>
Date:   Mon Mar 1 16:36:10 2021 -0600

    Video Inteligente (IntersectionObserver & VisibilityChange)

commit ab9a307114f23e58c1f20e70d9b0b3db6a6f8fe5
Author: VzqzAlfred <alfred.vzqz96@outlook.com>
Date:   Mon Mar 1 15:46:01 2021 -0600

    ScrollSpy con Intersection Observer

commit 33965db3837358086317ac1eca2a52364564a98a
Author: VzqzAlfred <alfred.vzqz96@outlook.com>
Date:   Mon Mar 1 00:33:03 2021 -0600

    Responsive Slider

commit a2d7ef6f0d054c745f51f17e8c86a9d55067d267
Author: VzqzAlfred <alfred.vzqz96@outlook.com>
Date:   Sun Feb 28 14:46:43 2021 -0600

    Sorteo Digital

commit 1116ae8242f58ba38e48ba84238f9c685c02f0a2
Author: VzqzAlfred <alfred.vzqz96@outlook.com>
Date:   Sun Feb 28 14:43:09 2021 -0600

    Filtros de Búsqueda

commit 1e83fe5eb5308a2fe36f83d270c81115bcb0f4aa
Author: VzqzAlfred <alfred.vzqz96@outlook.com>
Date:   Sun Feb 28 11:49:09 2021 -0600

    Filtros de Búsqueda

commit ecd0bb81744653948ed49b3a03d9a52ce402a369
Author: VzqzAlfred <alfred.vzqz96@outlook.com>
Date:   Sun Feb 28 10:04:43 2021 -0600

    Detección de la Geolocalización

commit b2740076cab4a031460ffe05c377f45b099f819c
Author: VzqzAlfred <alfred.vzqz96@outlook.com>
Date:   Sat Feb 27 23:53:09 2021 -0600

    Detección de la WebCam

commit 2f3e967c81444b6d532f9293b7812e2e25497456
Author: VzqzAlfred <alfred.vzqz96@outlook.com>
Date:   Sat Feb 27 16:17:14 2021 -0600

    Detección del estado de la red

commit 2c5a03523f022da15d67dfb28308ba795bfb8f19
Author: VzqzAlfred <alfred.vzqz96@outlook.com>
Date:   Sat Feb 27 15:31:19 2021 -0600

    Detección de Dispositivos User Agent

commit bf8f3894d93ef117501e65e91828da2ebddb67c7
Author: VzqzAlfred <alfred.vzqz96@outlook.com>
Date:   Fri Feb 26 18:03:52 2021 -0600

    BOM: Objetos: URL, Historial y Navegador

commit ada4719aa681a369862380ccaa4b93abf24275d2
Author: VzqzAlfred <alfred.vzqz96@outlook.com>
Date:   Fri Feb 26 14:14:20 2021 -0600

    Edited README

commit d039a78552a28c283acb013e967900771034382b
Author: VzqzAlfred <alfred.vzqz96@outlook.com>
Date:   Fri Feb 26 14:09:14 2021 -0600

    Responsive Tester

commit 6bee69e47b55b49d4daede2a5d7a02e969717255
Author: VzqzAlfred <alfred.vzqz96@outlook.com>
Date:   Fri Feb 26 13:32:31 2021 -0600

    Responsive con JavaScript

commit e2100aa07031d395026b22aaf38e998555e72439
Author: VzqzAlfred <alfred.vzqz96@outlook.com>
Date:   Thu Feb 25 22:09:13 2021 -0600

    API localStorage

commit 0cf9408b836ade5cee821a3d002bf2c225171d2a
Author: VzqzAlfred <alfred.vzqz96@outlook.com>
Date:   Thu Feb 25 22:07:54 2021 -0600

    API localStorage

commit 3802b4f00bd60d0e7e853af0e511824b462c3f7c
Author: VzqzAlfred <alfred.vzqz96@outlook.com>
Date:   Thu Feb 25 21:21:58 2021 -0600

    Tema Dark/Light

commit 7e7a7fed2951f444b62b1ba3b928ee5c3409180e
Author: VzqzAlfred <alfred.vzqz96@outlook.com>
Date:   Wed Feb 24 22:36:00 2021 -0600

    Botón de Scroll

commit 5705b05dc46c7950377ebf23340f3feba4909b57
Author: VzqzAlfred <alfred.vzqz96@outlook.com>
Date:   Wed Feb 24 14:25:06 2021 -0600

    Cuenta regresiva (countdown)

commit 1299e12448441fa7e7bd8312feba53cf2dab3315
Author: VzqzAlfred <alfred.vzqz96@outlook.com>
Date:   Tue Feb 23 22:26:20 2021 -0600

    Eventos del Teclado (Movimientos y colisiones)

commit d3fec75f18a9b460aed4bbf750e211a8412748a4
Author: VzqzAlfred <alfred.vzqz96@outlook.com>
Date:   Tue Feb 23 21:57:57 2021 -0600

    Eventos del Teclado (Movimientos y colisiones)

commit 8f32ab648ff1a7347c7049dfcec4f536d676a7cb
Author: VzqzAlfred <alfred.vzqz96@outlook.com>
Date:   Tue Feb 23 21:47:40 2021 -0600

    Eventos del Teclado (Movimientos y colisiones)

commit ae076efaa1cfc7a46420f7621373e0cb7fc85e9a
Author: VzqzAlfred <alfred.vzqz96@outlook.com>
Date:   Tue Feb 23 16:23:44 2021 -0600

    Eventos del Teclado (Atajos)

commit 49cf7f5458ac44dd3bcfb378c0ea6a8ad44f6ffd
Author: VzqzAlfred <alfred.vzqz96@outlook.com>
Date:   Mon Feb 22 20:47:02 2021 -0600

    Alarma Sonora

commit c9850a11828ab616d5632b9b8f6ecbe9e2533a5d
Author: VzqzAlfred <alfred.vzqz96@outlook.com>
Date:   Mon Feb 22 15:01:30 2021 -0600

    Reloj Digital

commit 96b3493bc7f32455eadc9700bd5d4115662fe02b
Author: VzqzAlfred <alfred.vzqz96@outlook.com>
Date:   Mon Feb 22 14:08:29 2021 -0600

    Menú de Hamburguesa

commit 95824aa016d0aed62d429adf6ef16b5819df0556
Author: VzqzAlfred <alfred.vzqz96@outlook.com>
Date:   Mon Feb 22 14:02:35 2021 -0600

    Menú de Hamburguesa

commit 1e4cfdd97e2dbd563a0235072a38f06b61d39eff
Author: VzqzAlfred <alfred.vzqz96@outlook.com>
Date:   Sat Feb 20 16:03:40 2021 -0600

    BOM: Objetos: URL, Historial y Navegador

commit 05ad1755ea9a41f55c00d544a87d8800b10f45f3
Author: VzqzAlfred <alfred.vzqz96@outlook.com>
Date:   Sat Feb 20 15:15:44 2021 -0600

    BOM: Métodos

commit 8ce706004f76c06404b64bc5ae4302d4447ef193
Author: VzqzAlfred <alfred.vzqz96@outlook.com>
Date:   Sat Feb 20 14:49:54 2021 -0600

    BOM: Propiedades y Eventos

commit 85994c8d9525f2d7ea10a41ec3fb8facdb4a328d
Author: VzqzAlfred <alfred.vzqz96@outlook.com>
Date:   Fri Feb 19 19:36:59 2021 -0600

    Delegación de Eventos

commit 7c8ddedec45db825a221d139f0be86e9d9eb80aa
Author: VzqzAlfred <alfred.vzqz96@outlook.com>
Date:   Fri Feb 19 18:37:25 2021 -0600

    stopPropagation & preventDefault

commit 88b6e29a441467061e038e4f12aafb4bbe75ec79
Author: VzqzAlfred <alfred.vzqz96@outlook.com>
Date:   Fri Feb 19 15:38:36 2021 -0600

    Flujo de Eventos (Burbuja y Captura)

commit fd1d1d4fd5074ea176f38c5a830378f760ad798d
Author: VzqzAlfred <alfred.vzqz96@outlook.com>
Date:   Fri Feb 19 14:59:40 2021 -0600

    Eventos con Parámetros y Remover Eventos

commit ea3272102f2e5779814436fb548649677b5c77aa
Author: VzqzAlfred <alfred.vzqz96@outlook.com>
Date:   Fri Feb 19 13:51:01 2021 -0600

    Manejadores de Eventos

commit 3c1c798f6f99c0392466a18160e4f01ae840a8e8
Author: VzqzAlfred <alfred.vzqz96@outlook.com>
Date:   Thu Feb 18 13:41:45 2021 -0600

    Modificando Elementos (Cool Style)

commit f6a3b15855a9ae8a014df52b112e498c3fa16df9
Author: VzqzAlfred <alfred.vzqz96@outlook.com>
Date:   Thu Feb 18 12:23:20 2021 -0600

    Modificando Elementos (Old Style)

commit 96a376e5d84584858fc22ee850117d530c96e490
Author: VzqzAlfred <alfred.vzqz96@outlook.com>
Date:   Wed Feb 17 21:36:48 2021 -0600

    Templates HTML

commit c0115280d93ed3f4821cb3d0aa6081cb5ef7a902
Author: VzqzAlfred <alfred.vzqz96@outlook.com>
Date:   Wed Feb 17 21:14:13 2021 -0600

    Creando Elementos y Fragmentos

commit 08b2d7bc489035c4b5a570dccdc19a8a5468434d
Author: VzqzAlfred <alfred.vzqz96@outlook.com>
Date:   Wed Feb 17 20:14:27 2021 -0600

    DOM Traversing: Recorriendo el DOM

commit b4a740764f6194cfb732f77ded4aeb3b8e088252
Author: VzqzAlfred <alfred.vzqz96@outlook.com>
Date:   Wed Feb 17 19:10:42 2021 -0600

    Texto y HTML

commit 776126ff3b37821bf6177f4b37b1e6685446966d
Author: VzqzAlfred <alfred.vzqz96@outlook.com>
Date:   Wed Feb 17 18:47:39 2021 -0600

    Clases CSS

commit 07e03b405e2bed241635c2444b551ca728a09c3a
Author: VzqzAlfred <alfred.vzqz96@outlook.com>
Date:   Wed Feb 17 16:40:01 2021 -0600

    Estilos y Variables CSS

commit 539f3b0290fba04fe70ac095395d81bed15d63f4
Author: VzqzAlfred <alfred.vzqz96@outlook.com>
Date:   Wed Feb 17 16:38:48 2021 -0600

    Estilos y Variables CSS

commit d0e189b5da434d38995197cfeec866b91d9c03d7
Author: VzqzAlfred <alfred.vzqz96@outlook.com>
Date:   Wed Feb 17 15:23:21 2021 -0600

    Atributos y Data-Attributes

commit 2de37e1f961732b45c8d421b830c1f3511185475
Author: VzqzAlfred <alfred.vzqz96@outlook.com>
Date:   Wed Feb 17 12:41:01 2021 -0600

    Nodos, elementos y Selectores

commit cdb8cc924493fb10608e87980d7de0b7e5ded52b
Author: VzqzAlfred <alfred.vzqz96@outlook.com>
Date:   Tue Feb 16 21:09:09 2021 -0600

    Edited README

commit e3ab20427ff7e7e0ac2d52d8233da528c97bca9b
Author: VzqzAlfred <alfred.vzqz96@outlook.com>
Date:   Tue Feb 16 21:05:37 2021 -0600

    DOM: Document Object Model

commit 110c4037dfd71f3433c9642e8a0cdf8723c2d31a
Author: VzqzAlfred <alfred.vzqz96@outlook.com>
Date:   Tue Feb 16 20:39:09 2021 -0600

    Web APIs

commit 2c0b3a2c52751a67e11a24c149f451080d7de85f
Author: VzqzAlfred <alfred.vzqz96@outlook.com>
Date:   Tue Feb 16 19:20:31 2021 -0600

    JSON

commit 26eb5cb55451b6038e9ec6ec08b54dbfc2bb7e8e
Author: VzqzAlfred <alfred.vzqz96@outlook.com>
Date:   Tue Feb 16 19:20:21 2021 -0600

    Added a .JSON

commit 135945054cd881475619dc3b47f13ce7c6f34b36
Author: VzqzAlfred <alfred.vzqz96@outlook.com>
Date:   Tue Feb 16 19:13:31 2021 -0600

    Added a README

commit 0274f3e0bff3699e1c8bfaa63eb49c590e8e54f9
Author: VzqzAlfred <alfred.vzqz96@outlook.com>
Date:   Tue Feb 16 14:55:28 2021 -0600

    call, apply, bind

commit 21fc79763473c6ca08885d7531e2e1cfceae419c
Author: VzqzAlfred <alfred.vzqz96@outlook.com>
Date:   Tue Feb 16 14:26:08 2021 -0600

    this

commit 57b7b4bc8dbae94e703953271ab3dbfffcc93cc0
Author: VzqzAlfred <alfred.vzqz96@outlook.com>
Date:   Mon Feb 15 22:35:37 2021 -0600

    Propiedades Dinámicas de los Objetos

commit 2da635cffa546bb1aa070744f85466b2bdfbd8dd
Author: VzqzAlfred <alfred.vzqz96@outlook.com>
Date:   Mon Feb 15 22:17:33 2021 -0600

    Proxies

commit 0c7e6df0fc4567a38561c64e5b6d26a6989a1e7b
Author: VzqzAlfred <alfred.vzqz96@outlook.com>
Date:   Mon Feb 15 21:14:17 2021 -0600

    Generators

commit 11210e680c8735bdab57a6406324fad4f17c1cbb
Author: VzqzAlfred <alfred.vzqz96@outlook.com>
Date:   Mon Feb 15 20:02:15 2021 -0600

    Iterables & Iterators

commit 660bdb22f771784f8baa056254ba550ff4c2213c
Author: VzqzAlfred <alfred.vzqz96@outlook.com>
Date:   Mon Feb 15 15:16:38 2021 -0600

    WeakSets & WeakMaps

commit 044c7d685d8ee483454cdc685a5ee5d919e7bc42
Author: VzqzAlfred <alfred.vzqz96@outlook.com>
Date:   Mon Feb 15 14:35:48 2021 -0600

    Map

commit c1a9c3a75b595bf0765b66f88fee6a6aee9b92ab
Author: VzqzAlfred <alfred.vzqz96@outlook.com>
Date:   Mon Feb 15 13:39:54 2021 -0600

    Sets

commit 5a14fa4a85e5bfc52e7001d4e976c86e1a7c2b7b
Author: VzqzAlfred <alfred.vzqz96@outlook.com>
Date:   Mon Feb 15 12:38:27 2021 -0600

    Symbols

commit 2619b947505f76adfbeefd1d3f9a6c21cc105877
Author: VzqzAlfred <alfred.vzqz96@outlook.com>
Date:   Mon Feb 15 12:38:22 2021 -0600

    Symbols

commit 2520912d7f4c3ab58e3406a2aa7a22c9e0c5fa69
Author: VzqzAlfred <alfred.vzqz96@outlook.com>
Date:   Sun Feb 14 13:57:53 2021 -0600

    Async - Await

commit f126bf36d641ee40dfb089d7ced1b513888709e4
Author: VzqzAlfred <alfred.vzqz96@outlook.com>
Date:   Sun Feb 14 13:03:52 2021 -0600

    Promesas

commit e74a9c86a0c1e9a2b480f0e640b09ee1ea5eea32
Author: VzqzAlfred <alfred.vzqz96@outlook.com>
Date:   Sun Feb 14 12:26:18 2021 -0600

    Callbacks

commit e5f7a90218de094dfbff8777db0a2b8871595a44
Author: VzqzAlfred <alfred.vzqz96@outlook.com>
Date:   Sat Feb 13 16:09:00 2021 -0600

    Asincronía y el Event Loop

commit c19c4115159a7d0cecea05586b56c31f7752e6e6
Author: VzqzAlfred <alfred.vzqz96@outlook.com>
Date:   Sat Feb 13 16:08:29 2021 -0600

    Added README

commit 80dad7317a6ac764895166e504cf04e675a42cbd
Author: VzqzAlfred <alfred.vzqz96@outlook.com>
Date:   Fri Feb 12 20:56:06 2021 -0600

    Edited README

commit d83b4aa76f95b1c340fd251cce9de711e11dc5ba
Author: VzqzAlfred <alfred.vzqz96@outlook.com>
Date:   Fri Feb 12 20:54:17 2021 -0600

    Edited README

commit 5bf0c90ca301f8915ea35f64c27e568ed4796622
Author: VzqzAlfred <alfred.vzqz96@outlook.com>
Date:   Fri Feb 12 20:53:33 2021 -0600

    Edited README

commit 1c593f9f04dd1219661d98cf832355cb25282cf1
Author: VzqzAlfred <alfred.vzqz96@outlook.com>
Date:   Fri Feb 12 20:52:37 2021 -0600

    Edited README

commit d12ea4ee807dd54cec94445b2fd49f07f24647f6
Author: VzqzAlfred <alfred.vzqz96@outlook.com>
Date:   Fri Feb 12 20:32:44 2021 -0600

    Temporizadores (setTimeout & setInterval)

commit b15174287552c0a884dd310e456554bfca089804
Author: VzqzAlfred <alfred.vzqz96@outlook.com>
Date:   Fri Feb 12 19:23:32 2021 -0600

    Ejercicio 9

commit 09c04baaa8795957201c197fadd9a570e496657d
Author: VzqzAlfred <alfred.vzqz96@outlook.com>
Date:   Thu Feb 11 17:05:41 2021 -0600

    Ejercicios 8

commit 3e2ad7af42749fe7da0a64b92fea385943fc878b
Author: VzqzAlfred <alfred.vzqz96@outlook.com>
Date:   Thu Feb 11 00:56:49 2021 -0600

    Ejercicios 7

commit 0a8339a11c88a1b367dc538e1599092a24e13299
Author: VzqzAlfred <alfred.vzqz96@outlook.com>
Date:   Wed Feb 10 23:24:37 2021 -0600

    Ejercicios 6

commit 8cc08ff7ede063bfa33bd5d50eedda3d4b913f6b
Author: VzqzAlfred <alfred.vzqz96@outlook.com>
Date:   Wed Feb 10 23:17:59 2021 -0600

    Ejercicios 6

commit 7a51a41810e5acef3f57011d0e3dd16cfa7018ed
Author: VzqzAlfred <alfred.vzqz96@outlook.com>
Date:   Wed Feb 10 15:58:47 2021 -0600

    Ejercicios 5

commit a417a11076da6b435ec01713d90f7508db6e59aa
Author: VzqzAlfred <alfred.vzqz96@outlook.com>
Date:   Wed Feb 10 12:15:45 2021 -0600

    Ejercicios 4

commit eb9344651e4a70f0711e0ce11dc30e4f865423a4
Author: VzqzAlfred <alfred.vzqz96@outlook.com>
Date:   Wed Feb 10 00:55:39 2021 -0600

    Ejercicio 3

commit 21b261dba771ebb787972c10051583cf04b575ee
Author: VzqzAlfred <alfred.vzqz96@outlook.com>
Date:   Tue Feb 9 23:48:52 2021 -0600

    Ejercicios 2

commit 7d34bd5d5fafd7c3e7abb2ccf0d329965e5bbba2
Author: VzqzAlfred <alfred.vzqz96@outlook.com>
Date:   Tue Feb 9 17:59:21 2021 -0600

    Ejercicios 1

commit 72e21f9bf7d2d55bac545c5c891558f5f6dbb037
Author: VzqzAlfred <alfred.vzqz96@outlook.com>
Date:   Tue Feb 9 14:35:09 2021 -0600

    Módulos (import & export)

commit 9bdf4c30b56b0069f470b7add949f869f8d9a6d4
Author: VzqzAlfred <alfred.vzqz96@outlook.com>
Date:   Tue Feb 9 12:04:18 2021 -0600

    Funciones anónimas Autoejecutables

commit e5eea89a995bbe6f81024c22a6d32ff6bd35ac06
Author: VzqzAlfred <alfred.vzqz96@outlook.com>
Date:   Tue Feb 9 12:03:58 2021 -0600

    Expresiones Regulares

commit cd82de24576e014c2884cec0928ca80e2a635fdb
Author: VzqzAlfred <alfred.vzqz96@outlook.com>
Date:   Tue Feb 9 12:03:41 2021 -0600

    alert, confirm & prompt

commit 6c3ca123f1291e7b913e2e7b895393a3361b566e
Author: VzqzAlfred <alfred.vzqz96@outlook.com>
Date:   Tue Feb 9 12:03:21 2021 -0600

    Operadores de Cortocircuito

commit bb9591e7a6c44d02a4338f7e2a4fccce97481639
Author: VzqzAlfred <alfred.vzqz96@outlook.com>
Date:   Tue Feb 9 12:02:48 2021 -0600

    Objeto Math

commit 051bdfd8f9dc03d70c01bea7f808a85065015225
Author: VzqzAlfred <alfred.vzqz96@outlook.com>
Date:   Tue Feb 9 12:02:38 2021 -0600

    Objeto Date

commit 0aaa528bc3f9522e669fba31bbdf4a9dd2856b80
Author: VzqzAlfred <alfred.vzqz96@outlook.com>
Date:   Tue Feb 9 12:02:25 2021 -0600

    Objeto console

commit ef6b60e419e781cfcd057ec5aaa89305c1151197
Author: VzqzAlfred <alfred.vzqz96@outlook.com>
Date:   Tue Feb 9 12:01:10 2021 -0600

    Métodos estáticos: getters & setters

commit 32a2a6cc67cd7b6a8fd45b330fdac74149acc22a
Author: VzqzAlfred <alfred.vzqz96@outlook.com>
Date:   Tue Feb 9 12:00:51 2021 -0600

    Clases y Herencia

commit 5ab1eb978757d1d5d5baa2a8790f8bda63bee324
Author: VzqzAlfred <alfred.vzqz96@outlook.com>
Date:   Tue Feb 9 12:00:35 2021 -0600

    Herencia Prototípica

commit 7d7f229aef8524721a9b75300aaae311e9ddcf10
Author: VzqzAlfred <alfred.vzqz96@outlook.com>
Date:   Tue Feb 9 12:00:13 2021 -0600

    Prototipos

commit 49061c8e8e8153d273baa479eb718f73a8958c10
Author: VzqzAlfred <alfred.vzqz96@outlook.com>
Date:   Tue Feb 9 11:59:12 2021 -0600

    Arrow Functions

commit 0064e9167460900dc62a297696b59dd6b86d0452
Author: VzqzAlfred <alfred.vzqz96@outlook.com>
Date:   Tue Feb 9 11:59:01 2021 -0600

    Parámetros REST & Operador Spread

commit 092c77b35ba2fed56eff03a7051b1e51846ad278
Author: VzqzAlfred <alfred.vzqz96@outlook.com>
Date:   Tue Feb 9 11:58:43 2021 -0600

    Objetos literales

commit 7cb5f86b582fa67977b15b75688b625cbda553aa
Author: VzqzAlfred <alfred.vzqz96@outlook.com>
Date:   Tue Feb 9 11:58:32 2021 -0600

    Destructuración

commit 1505772207cc9c2190b7cae049f66154e95c53a0
Author: VzqzAlfred <alfred.vzqz96@outlook.com>
Date:   Tue Feb 9 11:58:19 2021 -0600

    Break & Continue

commit 721658b033dff26cf205b8c2aaf03178b61d1da3
Author: VzqzAlfred <alfred.vzqz96@outlook.com>
Date:   Tue Feb 9 11:58:06 2021 -0600

    Manejo de Errores

commit 3bbed095fce4ddb9b91b8aebf8e66815cf2e4513
Author: VzqzAlfred <alfred.vzqz96@outlook.com>
Date:   Tue Feb 9 11:57:53 2021 -0600

    Ciclos (Loops)

commit b505ae7de01c33fabd20f3ba469ece23b35b7828
Author: VzqzAlfred <alfred.vzqz96@outlook.com>
Date:   Tue Feb 9 11:57:39 2021 -0600

    Condicionales

commit 4c7d362f24787d675a2ffc3193d1cc61457d058b
Author: VzqzAlfred <alfred.vzqz96@outlook.com>
Date:   Tue Feb 9 11:57:21 2021 -0600

    Tipos de Operadores

commit 92e043d49dd9379a3a15991c3ca6b425a3edc676
Author: VzqzAlfred <alfred.vzqz96@outlook.com>
Date:   Tue Feb 9 11:54:35 2021 -0600

    Arreglos (Arrays)

commit cc0aea234203385a4efe3a4cac5076c996beabe8
Author: VzqzAlfred <alfred.vzqz96@outlook.com>
Date:   Tue Feb 9 11:54:23 2021 -0600

    Funciones

commit c08b5014de6504f0726715fe67035add55e3dd73
Author: VzqzAlfred <alfred.vzqz96@outlook.com>
Date:   Tue Feb 9 11:54:14 2021 -0600

    undefined, null & NaN

commit 220a2f91121d6f8931b0f6acd9f2df2f78f9f8a4
Author: VzqzAlfred <alfred.vzqz96@outlook.com>
Date:   Tue Feb 9 11:54:01 2021 -0600

    Booleans

commit 2e57705c8ac97701a2c242494f089f2d123b33a1
Author: VzqzAlfred <alfred.vzqz96@outlook.com>
Date:   Tue Feb 9 11:53:53 2021 -0600

    Números (Numbers)

commit aba04abece1e0ca9f14af8274de5c90843fb84d9
Author: VzqzAlfred <alfred.vzqz96@outlook.com>
Date:   Tue Feb 9 11:53:44 2021 -0600

    Plantillas de cadenas de texto (Template Strings)

commit 7ecb56ceec9c63b6697de70be893c250a6fdeb1a
Author: VzqzAlfred <alfred.vzqz96@outlook.com>
Date:   Tue Feb 9 11:53:26 2021 -0600

    Cadenas de Texto (String)

commit ef0ba5fb7b229f9ca11a07c2b379bf460b9287ca
Author: VzqzAlfred <alfred.vzqz96@outlook.com>
Date:   Tue Feb 9 11:53:14 2021 -0600

    Constantes - const

commit 94b5d05b13308a63fe573cdb8d059c8aaab9b886
Author: VzqzAlfred <alfred.vzqz96@outlook.com>
Date:   Tue Feb 9 11:53:02 2021 -0600

    Objetos

commit 2fabea71bb88acdc0fbce024f086eae341cdc5ea
Author: VzqzAlfred <alfred.vzqz96@outlook.com>
Date:   Tue Feb 9 11:52:51 2021 -0600

    Variables - var vs let

commit 419b146cafb3b58ad96d37cdcb89313fac2a32c4
Author: VzqzAlfred <alfred.vzqz96@outlook.com>
Date:   Tue Feb 9 11:52:37 2021 -0600

    Variables - var vs let

commit 01072215cc30a6a055adc48d0241945fe16a35f5
Author: VzqzAlfred <alfred.vzqz96@outlook.com>
Date:   Tue Feb 9 11:52:08 2021 -0600

    Objetos

commit f0ecd7873ac4905bf86e130cc60d08549ddd5ee4
Author: VzqzAlfred <alfred.vzqz96@outlook.com>
Date:   Tue Feb 9 11:51:53 2021 -0600

    Arreglos (Arrays)

commit c89f14173029b26b1069b721a2875503500b63f8
Author: VzqzAlfred <alfred.vzqz96@outlook.com>
Date:   Tue Feb 9 11:51:43 2021 -0600

    Funciones

commit 7a154f188655fe4e4e710dfd312048093aab6efc
Author: VzqzAlfred <alfred.vzqz96@outlook.com>
Date:   Tue Feb 9 11:51:33 2021 -0600

    undefined, null & NaN

commit b9a75aba0c34093de405afa20339d41093e7a7b8
Author: VzqzAlfred <alfred.vzqz96@outlook.com>
Date:   Tue Feb 9 11:51:06 2021 -0600

    Booleans

commit 043b408dcfbe266d1fbf29736446fe04a339f03d
Author: VzqzAlfred <alfred.vzqz96@outlook.com>
Date:   Tue Feb 9 11:50:58 2021 -0600

    Números (Numbers)

commit ed398123298a3108a35e6332d7ef11ff04992595
Author: VzqzAlfred <alfred.vzqz96@outlook.com>
Date:   Tue Feb 9 11:50:42 2021 -0600

    Plantillas de cadenas de texto (Template Strings)

commit 9c8dab093fb71175873d1ea8d6c044ff00ee4225
Author: VzqzAlfred <alfred.vzqz96@outlook.com>
Date:   Tue Feb 9 11:50:19 2021 -0600

    Cadenas de Texto (String)

commit 9634f540d2fb37405b3a68264c35cb24dc1e2ab5
Author: VzqzAlfred <alfred.vzqz96@outlook.com>
Date:   Tue Feb 9 11:50:05 2021 -0600

    Constantes - const

commit 7e16cd8af77e6c9d8ed69ad75a256fae6aecf92e
Author: VzqzAlfred <alfred.vzqz96@outlook.com>
Date:   Tue Feb 9 11:49:51 2021 -0600

    Variables - var vs let

commit 3996f57ae4c98e53332069ad2ccb199babf2d8cb
Author: VzqzAlfred <alfred.vzqz96@outlook.com>
Date:   Tue Feb 9 11:48:18 2021 -0600

    Variables - var vs let

commit e70f1936c66720b47430dbb75ba3f7c8663a9348
Author: VzqzAlfred <alfred.vzqz96@outlook.com>
Date:   Tue Feb 9 11:46:26 2021 -0600

    Added a README

commit ce8c695c00865c10f657396b5e1ddf0cc709fa36
Author: VzqzAlfred <alfred.vzqz96@outlook.com>
Date:   Mon Feb 8 22:23:14 2021 -0600

    Edited README

commit 102e28d617491e8b0eeb2af86bb67341a5ec2fa4
Author: VzqzAlfred <alfred.vzqz96@outlook.com>
Date:   Mon Feb 8 22:21:33 2021 -0600

    Funciones Anónimas Autoejecutables

commit dad6380a9e8e81a8e9ba431d5add132ac6fb8764
Author: VzqzAlfred <alfred.vzqz96@outlook.com>
Date:   Mon Feb 8 21:55:24 2021 -0600

    Expresiones Regulares

commit 5b5ee802252007dd54bd149237db497670ac2a57
Author: VzqzAlfred <alfred.vzqz96@outlook.com>
Date:   Mon Feb 8 21:54:55 2021 -0600

    alert, confirm & prompt

commit 6b1c948ce96f5a7ecc151895226534b4c582326e
Author: VzqzAlfred <alfred.vzqz96@outlook.com>
Date:   Mon Feb 8 21:54:28 2021 -0600

    Operadores de Cortocircuito

commit c810580b31b89e6db3bbe487dcbe0f08358a4e47
Author: VzqzAlfred <alfred.vzqz96@outlook.com>
Date:   Mon Feb 8 21:52:48 2021 -0600

    Expresiones Regulares

commit 7f3f80f7ac632bed57e9a45e0e6570e7b0e3e69c
Author: VzqzAlfred <alfred.vzqz96@outlook.com>
Date:   Mon Feb 8 21:22:58 2021 -0600

    alert, confirm & prompt

commit 99a1d3f548f2e22281260e0fcb75685bf6d59cb9
Author: VzqzAlfred <alfred.vzqz96@outlook.com>
Date:   Mon Feb 8 21:22:32 2021 -0600

    Operadores de Cortocircuito

commit d05ae3513609c544a397734763332097a268d2de
Author: VzqzAlfred <alfred.vzqz96@outlook.com>
Date:   Mon Feb 8 21:22:26 2021 -0600

    Operadores de Cortocircuito

commit afe821e70384489f0f9510ceb24c95ec79377593
Author: VzqzAlfred <alfred.vzqz96@outlook.com>
Date:   Mon Feb 8 21:21:25 2021 -0600

    alert, confirm & prompt

commit 1085b70c0e1db5a4e72af969cc0be1680e81cde3
Author: VzqzAlfred <alfred.vzqz96@outlook.com>
Date:   Mon Feb 8 21:05:06 2021 -0600

    Operador de Cortocircuito

commit ed222dce980c287137dfef051b17cc5c546b5707
Author: VzqzAlfred <alfred.vzqz96@outlook.com>
Date:   Mon Feb 8 20:48:19 2021 -0600

    Objeto Math

commit 7478c2ae0ada5f76c7e03209c104dc2f15fb79aa
Author: VzqzAlfred <alfred.vzqz96@outlook.com>
Date:   Mon Feb 8 20:31:22 2021 -0600

    Objeto Date()

commit 3af7f394a851a05fb5458a1ceeb41b4ac60c90bc
Author: VzqzAlfred <alfred.vzqz96@outlook.com>
Date:   Mon Feb 8 19:26:49 2021 -0600

    Objeto console

commit effeb1fa351c481b1545674f45185609c37dc508
Author: VzqzAlfred <alfred.vzqz96@outlook.com>
Date:   Mon Feb 8 18:28:29 2021 -0600

    Métodos estáticos: Getters & Setters

commit 1e8be5ec921d4842cb82e2179786505c6d0c60e4
Author: VzqzAlfred <alfred.vzqz96@outlook.com>
Date:   Mon Feb 8 15:33:42 2021 -0600

    Uso de Clases y Herencia

commit 10ee9cd96096e2a9afa84d3073b81151ae146498
Author: VzqzAlfred <alfred.vzqz96@outlook.com>
Date:   Mon Feb 8 15:02:51 2021 -0600

    Herencia Prototípica

commit b34b5974f63229f47e578bad3cee110dc41b202f
Author: VzqzAlfred <alfred.vzqz96@outlook.com>
Date:   Mon Feb 8 12:45:09 2021 -0600

    Prototipos (prototype)

commit 06ed843699dfddd7f564d5afddb263477876acf2
Author: VzqzAlfred <alfred.vzqz96@outlook.com>
Date:   Sun Feb 7 14:12:49 2021 -0600

    Arrow Fuctions

commit 0cf147f0582c1baf92ca166d3528edb5d55c3504
Author: VzqzAlfred <alfred.vzqz96@outlook.com>
Date:   Sun Feb 7 13:08:00 2021 -0600

    Parámetros REST & Operador Spread

commit 72dde53901eb5fea531f1710507898cc788d1557
Author: VzqzAlfred <alfred.vzqz96@outlook.com>
Date:   Sat Feb 6 21:33:26 2021 -0600

    Objetos literales

commit d5c70bdb3795cb4815a447600320354f143364fe
Author: VzqzAlfred <alfred.vzqz96@outlook.com>
Date:   Sat Feb 6 21:19:48 2021 -0600

    Destructuración

commit 806769e08c2b396f4c8cebbe92b42d8a4105ed14
Author: VzqzAlfred <alfred.vzqz96@outlook.com>
Date:   Sat Feb 6 21:07:21 2021 -0600

    Break & Continue

commit 809a74f6b6d1cbe45887b5766dbd4e7c0d235ba0
Author: VzqzAlfred <alfred.vzqz96@outlook.com>
Date:   Sat Feb 6 20:49:48 2021 -0600

    Manejo de Errores

commit 5f8aefa445f2daae64461966e6f8635c728606b7
Author: VzqzAlfred <alfred.vzqz96@outlook.com>
Date:   Sat Feb 6 19:58:23 2021 -0600

    Ciclos (Loops)

commit a0fbbebf54b31c5c710f93503c6bb0fb8ffd9009
Author: VzqzAlfred <alfred.vzqz96@outlook.com>
Date:   Sat Feb 6 19:57:35 2021 -0600

    Ciclos (Loops)

commit ed37578a3c6d56c8283b983e4e665a053a263a9e
Author: VzqzAlfred <alfred.vzqz96@outlook.com>
Date:   Sat Feb 6 17:45:11 2021 -0600

    Condicionales

commit 3283913bd9cdb6b887390acfae0c919f5f2f2f8c
Author: VzqzAlfred <alfred.vzqz96@outlook.com>
Date:   Sat Feb 6 15:11:46 2021 -0600

    Tipos de Operadores

commit 78e7d045491a2e4af54542dc942cf25eb2c4ec37
Author: VzqzAlfred <alfred.vzqz96@outlook.com>
Date:   Fri Feb 5 20:25:34 2021 -0600

    Objetos

commit 722ec320bb75137bb20a0d205ae3bf8d151ad61a
Author: VzqzAlfred <alfred.vzqz96@outlook.com>
Date:   Fri Feb 5 19:13:31 2021 -0600

    Arreglos (Arrays)

commit 81cc02c70a23be032603bb3ab30703608bfe61bc
Author: VzqzAlfred <alfred.vzqz96@outlook.com>
Date:   Fri Feb 5 15:11:32 2021 -0600

    Funciones

commit 77f196410f5706989cd80c475b150746a854ef1c
Author: VzqzAlfred <alfred.vzqz96@outlook.com>
Date:   Thu Feb 4 23:31:16 2021 -0600

    Undefined, null & NaN

commit 9d4a1f2cdd4112ede9075201c68268304da2ab67
Author: VzqzAlfred <alfred.vzqz96@outlook.com>
Date:   Thu Feb 4 23:15:45 2021 -0600

    Booleans

commit 8a6e123be16ca1d51b8c8cfdb947ea61767f8462
Author: VzqzAlfred <alfred.vzqz96@outlook.com>
Date:   Thu Feb 4 23:04:10 2021 -0600

    Números (Numbers)

commit aa97ca41fe2e8ade5b08948bfb06f27b7a93828f
Author: VzqzAlfred <alfred.vzqz96@outlook.com>
Date:   Wed Feb 3 21:45:58 2021 -0600

    Edited README

commit 87e8f1c6aa424bd47e81e95693f9a12220dea4c1
Author: VzqzAlfred <alfred.vzqz96@outlook.com>
Date:   Wed Feb 3 21:40:09 2021 -0600

    Plantillas de cadenas de texto (Template Strings)

commit 5ccff29348e75b4a4f061135849539fd69048fd1
Author: VzqzAlfred <alfred.vzqz96@outlook.com>
Date:   Wed Feb 3 21:15:47 2021 -0600

    Cadenas de Texto (String)

commit a2bbd83d42f845f8a51352c6b5492ab2270ebc82
Author: VzqzAlfred <alfred.vzqz96@outlook.com>
Date:   Wed Feb 3 20:31:50 2021 -0600

    Constantes - const

commit 5f9e6350af0d4613b071f4b82a09d21022cc1d3c
Author: VzqzAlfred <alfred.vzqz96@outlook.com>
Date:   Tue Feb 2 22:31:05 2021 -0600

    Variables - var vs let

commit 3b2194d74920c49bd31fbbedbe517b240a2bff23
Author: VzqzAlfred <alfred.vzqz96@outlook.com>
Date:   Tue Feb 2 22:28:15 2021 -0600

    Variables - var vs let

commit 036c3d15d78c9057b5b2e2e61926f2533a6bd6a9
Author: VzqzAlfred <alfred.vzqz96@outlook.com>
Date:   Tue Feb 2 20:29:41 2021 -0600

    Added a README about the class

commit 5777121af41f140c9da458348e80888b56c7be54
Author: VzqzAlfred <alfred.vzqz96@outlook.com>
Date:   Tue Feb 2 20:28:05 2021 -0600

    Added a new README about the class

commit 4ccaa998533a6e143e43002aa8fce8d3c8b1ac66
Author: VzqzAlfred <alfred.vzqz96@outlook.com>
Date:   Tue Feb 2 14:29:19 2021 -0600

    Edited README

commit 330c3fb641746b07da700a1580f54129b33aca78
Author: VzqzAlfred <alfred.vzqz96@outlook.com>
Date:   Tue Aug 25 19:05:18 2020 -0500

    Repaso utilizando HTML en JavaScript

commit b6a5e63b6c91ec7d8cba5bb6245c2c9f8335ae6e
Author: VzqzAlfred <alfred.vzqz96@outlook.com>
Date:   Fri Aug 21 18:08:00 2020 -0500

    Clase 7: POO con JavaScript

commit cc31dd34b09e217355d48590c0f9fba439818ed8
Author: VzqzAlfred <alfred.vzqz96@outlook.com>
Date:   Thu Aug 20 15:38:17 2020 -0500

    Clase 6: Objectos parte2

commit 50ee57bd32bd1de2ac4d6a555d92fecf64194e46
Author: VzqzAlfred <alfred.vzqz96@outlook.com>
Date:   Wed Aug 19 20:14:00 2020 -0500

    Clase 6: Objetos parte 1

commit a39e4c208b2c115855dc05b32f3a4d2b8965844a
Author: VzqzAlfred <alfred.vzqz96@outlook.com>
Date:   Wed Aug 19 14:58:30 2020 -0500

    Clase 5: Arrays parte2

commit 1a7ba543ca1259fbedbf743aa19c537ac80914d6
Author: VzqzAlfred <alfred.vzqz96@outlook.com>
Date:   Wed Aug 19 14:58:16 2020 -0500

    Clase 5: Arrays

commit dc4b8f8832becbc93beb4963e0994d5673b99ea6
Author: VzqzAlfred <alfred.vzqz96@outlook.com>
Date:   Tue Aug 18 22:04:37 2020 -0500

    Clase 5: Array

commit 5d8213ed0e9dc871892fe1b007201333164baac5
Author: VzqzAlfred <alfred.vzqz96@outlook.com>
Date:   Tue Aug 18 16:33:47 2020 -0500

    Clase 5: Arreglos

commit 842ee6ef86f43277c082a9ef44ba576dbe460a72
Author: VzqzAlfred <alfred.vzqz96@outlook.com>
Date:   Thu Aug 6 17:20:58 2020 -0500

    Clase 4: Tipos de funciones

commit f003910afc2c76c797109fd2d2b655c286a3b230
Author: VzqzAlfred <alfred.vzqz96@outlook.com>
Date:   Wed Aug 5 21:44:13 2020 -0500

    Clase 4: Tipos de Funciones

commit 6892b29b418c828c1d8fba40fa3e86fe470af7a2
Author: VzqzAlfred <alfred.vzqz96@outlook.com>
Date:   Wed Aug 5 15:25:32 2020 -0500

    Clase 4: Funciones uso y declaración

commit 278078816cff9059646feacad42c23f7e9f0ce32
Author: VzqzAlfred <alfred.vzqz96@outlook.com>
Date:   Tue Aug 4 21:47:58 2020 -0500

    Clase 4: Funciones

commit a41e2ae4663b37493cf648b3af593eb7babc7314
Author: VzqzAlfred <alfred.vzqz96@outlook.com>
Date:   Tue Aug 4 15:08:28 2020 -0500

    Clase 3: Uso de while y do while

commit cc86693160f974626b05e5dbb8b85d2df3fce238
Author: VzqzAlfred <alfred.vzqz96@outlook.com>
Date:   Tue Aug 4 14:44:31 2020 -0500

    Clase 3: For, break and Continue

commit d5da96f9343f6eac47e4b977dfd9ce3911ca8758
Author: VzqzAlfred <alfred.vzqz96@outlook.com>
Date:   Tue Aug 4 14:12:32 2020 -0500

    Uso de For

commit 25d8bcce112c5680e3446fc1f134fbfb37215c7e
Author: VzqzAlfred <alfred.vzqz96@outlook.com>
Date:   Tue Aug 4 13:49:41 2020 -0500

    Uso de switch

commit 9c4e1b890a9d20bedef097e108d9a3ea178660b5
Author: VzqzAlfred <alfred.vzqz96@outlook.com>
Date:   Mon Aug 3 20:36:53 2020 -0500

    Clase 3: Switch

commit a809be47288ef86ac0bbe8343e07d8d985f31e55
Author: VzqzAlfred <alfred.vzqz96@outlook.com>
Date:   Mon Aug 3 20:35:38 2020 -0500

    Clase 3: Condicionales, truthy y falsy

commit cb22db77b71248ecef1357a1a169aed201d3c82b
Author: VzqzAlfred <alfred.vzqz96@outlook.com>
Date:   Mon Aug 3 20:30:19 2020 -0500

    Clase 3: Condicionales, truthy y falsy

commit 3a40319648e2068994fbadf586280df047672cdd
Author: VzqzAlfred <alfred.vzqz96@outlook.com>
Date:   Mon Aug 3 20:29:09 2020 -0500

    Clase 3: Condicionales, truthy y falsy

commit ae82a5fb3c0b5b74c988efeb203377805705b2b6
Author: VzqzAlfred <alfred.vzqz96@outlook.com>
Date:   Sun Aug 2 21:48:11 2020 -0500

    Clase 2: Estilo en la presentaciòn

commit a1c6af105cea44b71fbf2ec071674b5b174dd708
Author: VzqzAlfred <alfred.vzqz96@outlook.com>
Date:   Sun Aug 2 21:47:47 2020 -0500

    Clase 2: Numeros y Strings

commit 450a0536a97995e7083b735aa424c00e31f317b7
Author: VzqzAlfred <alfred.vzqz96@outlook.com>
Date:   Sun Aug 2 14:59:16 2020 -0500

    Clase 2: Tipos de datos Operadores Parte 1

commit 00fc9c2eeba44bb0588b5dadaba4c7fc7055b57d
Author: VzqzAlfred <alfred.vzqz96@outlook.com>
Date:   Sun Aug 2 14:57:31 2020 -0500

    Clase 2: Tipos de datos Operadores Parte 1

commit 9ef5100d04ea391ca39810e65f440fefd9ca3a82
Author: VzqzAlfred <alfred.vzqz96@outlook.com>
Date:   Sun Aug 2 14:57:14 2020 -0500

    Clase 2: Tipos de datos Operadores Parte 1

commit 3da1ea49b1be61ae9eaf74511058cf4ea857c0c1
Author: VzqzAlfred <alfred.vzqz96@outlook.com>
Date:   Thu Jul 30 19:47:12 2020 -0500

    Clase 2 (Tipos de datos)

commit 2ec2524f0be6374ad83c7953a48aeb3c3b3b7370
Author: VzqzAlfred <alfred.vzqz96@outlook.com>
Date:   Tue Jul 28 21:13:38 2020 -0500

    Clase 1 (Consola, variables y sintaxis)

commit 43c36d21651c94dbbaefdbeb0879cec17412162f
Author: VzqzAlfred <alfred.vzqz96@outlook.com>
Date:   Tue Jul 28 21:11:17 2020 -0500

    Clase 1 (Sintaxis, Uso consola y tipos variables)

commit 7c544e53e2d3ebd3c427d77ef6e417157cf5d1ac
Author: VzqzAlfred <alfred.vzqz96@outlook.com>
Date:   Sun Jul 26 11:27:05 2020 -0500

    Clase 14 (Position: z-index I, II)

commit 0ecbe9deed6132d03a24f4a8716c344f0fda8086
Author: VzqzAlfred <alfred.vzqz96@outlook.com>
Date:   Sun Jul 26 11:21:06 2020 -0500

    Class 14 (Position: z-index)

commit 968887aac23a0905fd45ae52db84daa4614c30f9
Author: VzqzAlfred <alfred.vzqz96@outlook.com>
Date:   Sat Jul 25 21:00:38 2020 -0500

    Class 14 (Position-sticky)

commit 7c37dc4c12624ca01b455bf56698aff4ca83c675
Author: VzqzAlfred <alfred.vzqz96@outlook.com>
Date:   Sat Jul 25 20:58:02 2020 -0500

    Class 14 (Position-sticky)

commit 4942c5262523d338e60c7ddaa5f543b3c1d6ebd1
Author: VzqzAlfred <alfred.vzqz96@outlook.com>
Date:   Sat Jul 25 20:38:07 2020 -0500

    Clase 14 (position fixed)

commit a3eaf0c41d969fa854506797910c367500f86e90
Author: VzqzAlfred <alfred.vzqz96@outlook.com>
Date:   Thu Jul 23 20:25:58 2020 -0500

    Clase 13 (Position 1)

commit b16f8d9425045310ddbd058987c6e7c5c85724b8
Author: VzqzAlfred <alfred.vzqz96@outlook.com>
Date:   Wed Jul 22 15:32:23 2020 -0500

    Clase 12 (Colors)

commit becec95e7ebfaaa5a7d4151cff76f4fe8a6c7d6e
Author: VzqzAlfred <alfred.vzqz96@outlook.com>
Date:   Sun Jul 19 21:52:38 2020 -0500

    Clase 11 (Listas y contadores)

commit 4abbc7d5721a4052e467fd2018fd03ecb8aa8a34
Author: VzqzAlfred <alfred.vzqz96@outlook.com>
Date:   Sun Jul 19 19:16:53 2020 -0500

    Clase 10 Pseudoelementos

commit dcf41d8fb8a8215aa0a10d52833014da559ccee9
Author: VzqzAlfred <alfred.vzqz96@outlook.com>
Date:   Sat Jul 18 00:11:31 2020 -0500

    Clase 9 (Pseudoclases)

commit 0ae7653d08fdee74c7cb403cd42b271de5e55919
Author: VzqzAlfred <alfred.vzqz96@outlook.com>
Date:   Fri Jul 17 13:13:46 2020 -0500

    Clase 9 (Pseudoclases)

commit 84a5e66c3878c3d8513ee1cc582ca25549a985dc
Author: VzqzAlfred <alfred.vzqz96@outlook.com>
Date:   Thu Jul 16 21:43:15 2020 -0500

    Clase 8 (Textos parte 2)

commit a844ec6c6d4a57d514f8146a35111a34a693433e
Author: VzqzAlfred <alfred.vzqz96@outlook.com>
Date:   Thu Jul 16 16:12:31 2020 -0500

    Clase 7 (Textos parte 1)

commit 3f79a966ae87903510db0e6f16b20b930f5301b3
Author: VzqzAlfred <alfred.vzqz96@outlook.com>
Date:   Thu Jul 16 11:30:13 2020 -0500

    Clase 6 (backgrounds multiples y shorthand )

commit dd1176bb217fa78b3f36752a1ee30c26512f98cc
Author: VzqzAlfred <alfred.vzqz96@outlook.com>
Date:   Wed Jul 15 21:41:55 2020 -0500

    Clase 6 (attachment <3)

commit 1f3d41193c2f8e3b9b9c3c3a021b21ecee6baf20
Author: VzqzAlfred <alfred.vzqz96@outlook.com>
Date:   Wed Jul 15 19:21:50 2020 -0500

    Clase 5 (Bordes y sombras)

commit 2035e6f42469fa3128aa190df052b74114a79b2a
Author: VzqzAlfred <alfred.vzqz96@outlook.com>
Date:   Wed Jul 15 13:31:24 2020 -0500

    Clase 4 (Modelo de cajas, margenes y padding)

commit 6b8467b8028fd20ed0a50e5b54f6bc1b58e4f68d
Author: VzqzAlfred <alfred.vzqz96@outlook.com>
Date:   Wed Jul 15 13:31:11 2020 -0500

    Clase 4 (Modelo de cajas, margenes y padding)

commit 9d25c97c3bed759558e91db25939f45969190b66
Author: VzqzAlfred <alfred.vzqz96@outlook.com>
Date:   Wed Jul 15 10:09:42 2020 -0500

    Clase 4 (Modelo de cajas, margin y paddinf)

commit a58508e0cb8ee5dbb67206a000d05b72a664228a
Author: VzqzAlfred <alfred.vzqz96@outlook.com>
Date:   Tue Jul 14 21:06:11 2020 -0500

    Clase 4

commit 3e8d7e9ccd6418e951050b86ea5874c5ca01a5a6
Author: VzqzAlfred <alfred.vzqz96@outlook.com>
Date:   Tue Jul 14 19:58:55 2020 -0500

    Clase3

commit b1aa52c3f397c9843fd23b5fc3c2d7bfbcb7c1fd
Author: VzqzAlfred <alfred.vzqz96@outlook.com>
Date:   Tue Jul 14 19:58:45 2020 -0500

    Clase3

commit 43ffb95a9b6eea8ad727d63ab13546d8d859adea
Author: VzqzAlfred <alfred.vzqz96@outlook.com>
Date:   Tue Jul 14 19:10:20 2020 -0500

    Clase 4 (Box model)

commit c3f51135c43833003fc60f6ec6d55ce102bac0b4
Author: VzqzAlfred <alfred.vzqz96@outlook.com>
Date:   Tue Jul 14 15:40:13 2020 -0500

    Clase 3 (Especificidad, cascada y herencia)

commit 97440e473b7c211aa5dec0f3ea31abf9fea8f535
Author: VzqzAlfred <alfred.vzqz96@outlook.com>
Date:   Mon Jul 13 23:36:28 2020 -0500

    Clase 2 (Selectores)

commit e835d5c0b0de453c79ebb6bb8ab0d2c2e0fcfcf9
Author: VzqzAlfred <alfred.vzqz96@outlook.com>
Date:   Mon Jul 13 15:24:14 2020 -0500

    Clase 1 de CSS

commit 0d965f57cd4b7f6b1163bb398d5fe4322c197930
Author: VzqzAlfred <alfred.vzqz96@outlook.com>
Date:   Sun Jul 12 12:41:36 2020 -0500

    Clase 9 (Contenido interactivo y embebido)

commit a0f985ff79ac3642dc7e6df6871a9f547fe7b289
Author: VzqzAlfred <alfred.vzqz96@outlook.com>
Date:   Sat Jul 11 16:06:50 2020 -0500

    Multimedia y audio (Clase8)

commit 9e22c14a51589663d06888dc47afed16019a9a85
Author: VzqzAlfred <alfred.vzqz96@outlook.com>
Date:   Mon May 25 22:48:22 2020 -0500

    Clase7 (Formularios)

commit 0f5ebb3216c85dc27f4bb817598536290dba4451
Author: VzqzAlfred <alfred.vzqz96@outlook.com>
Date:   Mon May 25 20:45:45 2020 -0500

    Clase7 (Formularios)

commit 0a0e36f3b96d0948753647524e35ae105d820cb9
Author: VzqzAlfred <alfred.vzqz96@outlook.com>
Date:   Mon May 25 20:27:07 2020 -0500

    Clase7 (Formularios)

commit cc2fd9f4336375e823fbbee72b426836a78b9943
Author: VzqzAlfred <alfred.vzqz96@outlook.com>
Date:   Mon May 25 19:42:03 2020 -0500

    Clase 7 (FORMULARIOS)

commit 738ecbcb6630125a167a317a9ef971fec33f1d6c
Author: VzqzAlfred <alfred.vzqz96@outlook.com>
Date:   Mon May 25 15:23:32 2020 -0500

    Clase6 (Tablas)

commit 79aa4961bebf153364ada96f41a812c5e5b5f13d
Author: VzqzAlfred <alfred.vzqz96@outlook.com>
Date:   Mon May 25 14:03:47 2020 -0500

    Clase 6 (Tablas)

commit d97c05685b0e99f2a5120d8fd9b28614c7b29a54
Author: VzqzAlfred <alfred.vzqz96@outlook.com>
Date:   Mon May 25 13:40:29 2020 -0500

    clase 6 (tablas.)

commit 2dcf9adc9d1be8e9decca2199fa28e70d30fb9b3
Author: VzqzAlfred <alfred.vzqz96@outlook.com>
Date:   Sun May 24 20:37:01 2020 -0500

    Clase5 (microdatos)

commit 9d94067b2f0e663a306c049202b9e46ce1bda9da
Author: VzqzAlfred <alfred.vzqz96@outlook.com>
Date:   Sun May 24 19:37:10 2020 -0500

    Clase 5

commit aba453ba2532c29bf599d91d91684229d7622583
Author: VzqzAlfred <alfred.vzqz96@outlook.com>
Date:   Sat May 23 20:02:17 2020 -0500

    Clase4 (Imagénes)

commit fb7a7c57bd3cefec7ccd591c2288b5a3a81e7f15
Author: VzqzAlfred <alfred.vzqz96@outlook.com>
Date:   Sat May 23 19:58:52 2020 -0500

    Clase4 (Imagénes)

commit 02243c93e277c6bc46c24ed34d8e73d115905000
Author: VzqzAlfred <alfred.vzqz96@outlook.com>
Date:   Sat May 23 16:18:59 2020 -0500

    Clase4 (Imagénes)

commit 9b2b4cea7aee66d48e4de2a79c39a60ba621caf0
Author: VzqzAlfred <alfred.vzqz96@outlook.com>
Date:   Sat May 23 16:17:11 2020 -0500

    Clase 4 (Imagénes)

commit e3bb8f4ac22e61370379f75c18d5321fac2e229d
Author: VzqzAlfred <alfred.vzqz96@outlook.com>
Date:   Fri May 22 17:24:28 2020 -0500

    Clase 3: Capítulo 3 final

commit 57fd5eb75e817a13d282dbd0958b150a011b2277
Author: VzqzAlfred <alfred.vzqz96@outlook.com>
Date:   Fri May 22 17:23:38 2020 -0500

    Clase 3: Capítulo 3

commit db4ed7cae0f374456cb501f7808e4d83c3d98ddb
Author: VzqzAlfred <alfred.vzqz96@outlook.com>
Date:   Fri May 22 17:20:00 2020 -0500

    Clase 3

commit 6268b17b28f0abdb5b5e1dbf1ad9325984699d0d
Author: VzqzAlfred <alfred.vzqz96@outlook.com>
Date:   Fri May 22 16:55:52 2020 -0500

    Clase 3

commit 3b7eb9416cf7f5b074667f7f3cf6faa3415caccf
Author: VzqzAlfred <alfred.vzqz96@outlook.com>
Date:   Fri May 22 16:28:49 2020 -0500

    Clase3

commit f1200538ce81a9b5d78071887923061972598c53
Author: VzqzAlfred <alfred.vzqz96@outlook.com>
Date:   Fri May 22 16:24:00 2020 -0500

    clase3

commit fd729887c94a6b76ec46b47ce4a4cc8abf58931b
Author: VzqzAlfred <alfred.vzqz96@outlook.com>
Date:   Wed May 20 20:44:43 2020 -0500

    Se cambio el nombre de la carpeta a la clase 2

commit 8c47dabeb426386568080eb1aa41c1e19f76a8a1
Author: VzqzAlfred <alfred.vzqz96@outlook.com>
Date:   Wed May 20 20:43:14 2020 -0500

    Se cambio el nombre d ela carpeta

commit 2f7a9e41f24cec342a1ed837887f39e0a9d88673
Author: VzqzAlfred <alfred.vzqz96@outlook.com>
Date:   Wed May 20 20:36:05 2020 -0500

    Nuevas etiquetas para hacer listas

commit 8635ca72a945419d62978e2d146bb07007159c75
Author: VzqzAlfred <alfred.vzqz96@outlook.com>
Date:   Wed May 20 19:55:28 2020 -0500

    se modifico doc

commit 3e3a804d8b94d2f3260f20bd145f0ecb345e5903
Author: VzqzAlfred <alfred.vzqz96@outlook.com>
Date:   Wed May 20 19:45:21 2020 -0500

    se empieza la clase 2

commit cc29da9c5443e33129a6c45d532289b7bf583b8e
Author: VzqzAlfred <alfred.vzqz96@outlook.com>
Date:   Fri May 15 21:49:04 2020 -0500

    Change index

commit 52559ca2bd348a06293c3c336ee2a5d0231000e2
Author: VzqzAlfred <alfred.vzqz96@outlook.com>
Date:   Wed May 13 20:06:55 2020 -0500

    Class 1

commit 3a6528eccddad3ab1278d7aa6b5664917370ab7e
Author: VzqzAlfred <alfred.vzqz96@outlook.com>
Date:   Wed May 13 17:15:13 2020 -0500

    Primera clase

commit b8fcbd9c0089b44785567454cc47b20f37314175
Author: VzqzAlfred <alfred.vzqz96@outlook.com>
Date:   Wed May 13 17:08:51 2020 -0500

    Primera clase: muestra

commit a9968a643b95c8c68128aa85867476b09abc2834
Author: VzqzAlfred <alfred.vzqz96@outlook.com>
Date:   Wed May 13 17:06:53 2020 -0500

    Se agrego contenido

commit 4eb2aeb9540d0f50d5aefda035551f3bf3722579
Author: VzqzAlfred <alfred.vzqz96@outlook.com>
Date:   Wed May 13 13:48:40 2020 -0500

    Bienvenida a EDTEAM

commit 53bb788d72dc8b1864921a113e0b45d21f8945ff
Author: VzqzAlfred <57425473+VzqzAlfred@users.noreply.github.com>
Date:   Wed May 13 13:43:47 2020 -0500

    Initial commit
